<component name="libraryTable">
  <library name="junit-jupiter-api-5.7.0">
    <CLASSES>
      <root url="jar://$USER_HOME$/.jdks/junit-jupiter-api-5.7.0.jar!/" />
      <root url="jar://$USER_HOME$/.jdks/junit-platform-commons-1.7.0.jar!/" />
      <root url="jar://$USER_HOME$/.jdks/junit-platform-engine-1.7.0.jar!/" />
      <root url="jar://$USER_HOME$/.jdks/junit-platform-launcher-1.7.0.jar!/" />
    </CLASSES>
    <JAVADOC />
    <SOURCES />
  </library>
</component>